<?xml version="1.0" encoding="UTF-8"?>
<testng-results skipped="0" failed="0" ignored="0" total="1" passed="1">
  <reporter-output>
  </reporter-output>
  <suite name="Suite1" duration-ms="13166" started-at="2018-12-13T13:01:47Z" finished-at="2018-12-13T13:02:00Z">
    <groups>
    </groups>
    <test name="FirefoxDriver" duration-ms="13166" started-at="2018-12-13T13:01:47Z" finished-at="2018-12-13T13:02:00Z">
      <class name="testNG.selenium">
        <test-method status="PASS" signature="launch()[pri:0, instance:testNG.selenium@735b5592]" name="launch" is-config="true" duration-ms="8517" started-at="2018-12-13T13:01:47Z" finished-at="2018-12-13T13:01:56Z">
          <reporter-output>
          </reporter-output>
        </test-method> <!-- launch -->
        <test-method status="PASS" signature="verifyLogin()[pri:0, instance:testNG.selenium@735b5592]" name="verifyLogin" duration-ms="3819" started-at="2018-12-13T13:01:56Z" finished-at="2018-12-13T13:02:00Z">
          <reporter-output>
          </reporter-output>
        </test-method> <!-- verifyLogin -->
        <test-method status="PASS" signature="logout()[pri:0, instance:testNG.selenium@735b5592]" name="logout" is-config="true" duration-ms="753" started-at="2018-12-13T13:02:00Z" finished-at="2018-12-13T13:02:00Z">
          <reporter-output>
          </reporter-output>
        </test-method> <!-- logout -->
      </class> <!-- testNG.selenium -->
    </test> <!-- FirefoxDriver -->
  </suite> <!-- Suite1 -->
</testng-results>
